2025-07-26 00:07:54,223 - __main__ - INFO - Contemplative simulation initialized: basic_contemplative_test_seed42
2025-07-26 00:07:54,223 - __main__ - INFO - Environment: 25x25
2025-07-26 00:07:54,223 - __main__ - INFO - Population: 10 agents
2025-07-26 00:07:54,223 - __main__ - INFO - Overmind: enabled
2025-07-26 00:07:54,223 - __main__ - INFO - Starting simulation: basic_contemplative_test_seed42
2025-07-26 00:07:54,233 - __main__ - INFO - Checkpoint saved: contemplative_results\checkpoint_step_0.json
2025-07-26 00:07:54,233 - __main__ - INFO - Step 0/300 - Population: 14 - Time: 0.0s
2025-07-26 00:07:54,367 - __main__ - INFO - Checkpoint saved: contemplative_results\checkpoint_step_50.json
2025-07-26 00:07:54,499 - __main__ - INFO - Checkpoint saved: contemplative_results\checkpoint_step_100.json
2025-07-26 00:07:54,499 - __main__ - INFO - Step 100/300 - Population: 23 - Time: 0.3s
2025-07-26 00:07:54,633 - __main__ - INFO - Checkpoint saved: contemplative_results\checkpoint_step_150.json
2025-07-26 00:07:54,763 - __main__ - INFO - Checkpoint saved: contemplative_results\checkpoint_step_200.json
2025-07-26 00:07:54,763 - __main__ - INFO - Step 200/300 - Population: 23 - Time: 0.5s
2025-07-26 00:07:54,913 - __main__ - INFO - Checkpoint saved: contemplative_results\checkpoint_step_250.json
2025-07-26 00:07:55,041 - __main__ - INFO - Final results saved: contemplative_results\basic_contemplative_test_seed42_results.json
2025-07-26 00:07:55,042 - __main__ - INFO - Simulation completed in 0.8 seconds
2025-07-26 00:10:10,507 - __main__ - INFO - Contemplative simulation initialized: basic_contemplative_test_seed123
2025-07-26 00:10:10,507 - __main__ - INFO - Environment: 25x25
2025-07-26 00:10:10,507 - __main__ - INFO - Population: 10 agents
2025-07-26 00:10:10,507 - __main__ - INFO - Overmind: enabled
2025-07-26 00:10:10,507 - __main__ - INFO - Starting simulation: basic_contemplative_test_seed123
2025-07-26 00:10:10,509 - __main__ - INFO - Checkpoint saved: contemplative_results\checkpoint_step_0.json
2025-07-26 00:10:10,509 - __main__ - INFO - Step 0/300 - Population: 10 - Time: 0.0s
2025-07-26 00:10:10,573 - __main__ - INFO - Checkpoint saved: contemplative_results\checkpoint_step_50.json
2025-07-26 00:10:10,642 - __main__ - INFO - Checkpoint saved: contemplative_results\checkpoint_step_100.json
2025-07-26 00:10:10,642 - __main__ - INFO - Step 100/300 - Population: 15 - Time: 0.1s
2025-07-26 00:10:10,708 - __main__ - INFO - Checkpoint saved: contemplative_results\checkpoint_step_150.json
2025-07-26 00:10:10,774 - __main__ - INFO - Checkpoint saved: contemplative_results\checkpoint_step_200.json
2025-07-26 00:10:10,774 - __main__ - INFO - Step 200/300 - Population: 15 - Time: 0.3s
2025-07-26 00:10:10,840 - __main__ - INFO - Checkpoint saved: contemplative_results\checkpoint_step_250.json
2025-07-26 00:10:10,904 - __main__ - INFO - Final results saved: contemplative_results\basic_contemplative_test_seed123_results.json
2025-07-26 00:10:10,905 - __main__ - INFO - Simulation completed in 0.4 seconds
2025-07-26 00:29:44,374 - __main__ - INFO - Contemplative simulation initialized: basic_contemplative_test_seed123
2025-07-26 00:29:44,375 - __main__ - INFO - Environment: 25x25
2025-07-26 00:29:44,375 - __main__ - INFO - Population: 10 agents
2025-07-26 00:29:44,375 - __main__ - INFO - Overmind: enabled
2025-07-26 00:29:44,375 - __main__ - INFO - Starting simulation: basic_contemplative_test_seed123
2025-07-26 00:29:44,377 - __main__ - INFO - Checkpoint saved: contemplative_results\checkpoint_step_0.json
2025-07-26 00:29:44,377 - __main__ - INFO - Step 0/300 - Population: 10 - Time: 0.0s
2025-07-26 00:29:44,438 - __main__ - INFO - Checkpoint saved: contemplative_results\checkpoint_step_50.json
2025-07-26 00:29:44,505 - __main__ - INFO - Checkpoint saved: contemplative_results\checkpoint_step_100.json
2025-07-26 00:29:44,505 - __main__ - INFO - Step 100/300 - Population: 15 - Time: 0.1s
2025-07-26 00:29:44,572 - __main__ - INFO - Checkpoint saved: contemplative_results\checkpoint_step_150.json
2025-07-26 00:29:44,638 - __main__ - INFO - Checkpoint saved: contemplative_results\checkpoint_step_200.json
2025-07-26 00:29:44,639 - __main__ - INFO - Step 200/300 - Population: 15 - Time: 0.3s
2025-07-26 00:29:44,706 - __main__ - INFO - Checkpoint saved: contemplative_results\checkpoint_step_250.json
2025-07-26 00:29:44,770 - __main__ - INFO - Final results saved: contemplative_results\basic_contemplative_test_seed123_results.json
2025-07-26 00:29:44,771 - __main__ - INFO - Simulation completed in 0.4 seconds
2025-07-26 10:41:03,553 - myconet_contemplative_entities - INFO - Using GPU: NVIDIA GeForce RTX 4070
2025-07-26 10:41:03,555 - myconet_contemplative_entities - INFO - DeviceManager initialized with device: cuda
2025-07-26 10:45:33,472 - __main__ - INFO - Successfully imported real contemplative core module
2025-07-26 10:45:34,027 - __main__ - INFO - Successfully imported real wisdom signals module
2025-07-26 10:45:34,051 - __main__ - INFO - Successfully imported real contemplative entities module
2025-07-26 10:45:34,119 - __main__ - WARNING - Real contemplative overmind not available: unexpected indent (myconet_contemplative_overmind.py, line 2171)
2025-07-26 11:06:15,619 - __main__ - INFO - Successfully imported real contemplative core module
2025-07-26 11:06:16,176 - __main__ - INFO - Successfully imported real wisdom signals module
2025-07-26 11:06:16,197 - __main__ - INFO - Successfully imported real contemplative entities module
2025-07-26 11:06:21,636 - __main__ - WARNING - Real contemplative overmind not available: cannot import name 'ContemplativeOvermind' from 'myconet_contemplative_overmind' (F:\scrolllife\myconet_new\contem_myco\myconet_contemplative_overmind.py)
2025-07-26 11:17:22,836 - __main__ - INFO - Successfully imported real contemplative core module
2025-07-26 11:17:23,428 - __main__ - INFO - Successfully imported real wisdom signals module
2025-07-26 11:17:23,452 - __main__ - INFO - Successfully imported real contemplative entities module
2025-07-26 11:17:23,491 - __main__ - INFO - Successfully imported real contemplative overmind module
2025-07-30 12:58:49,222 - __main__ - INFO - Successfully imported real contemplative core module
2025-07-30 12:58:59,840 - __main__ - INFO - Successfully imported real wisdom signals module
2025-07-30 12:58:59,962 - __main__ - INFO - Successfully imported real contemplative entities module
2025-07-30 12:58:59,985 - __main__ - WARNING - Real contemplative overmind not available: closing parenthesis '}' does not match opening parenthesis '(' on line 273 (myconet_contemplative_overmind.py, line 277)
